05-Apr-2024 13:26:45.243 INFO [main] org.apache.coyote.AbstractProtocol.init Initializing ProtocolHandler ["http-nio-8090"]
05-Apr-2024 13:26:45.280 INFO [main] org.apache.catalina.startup.Catalina.load Server initialization in [737] milliseconds
05-Apr-2024 13:26:45.295 INFO [main] org.apache.catalina.core.StandardService.startInternal Starting service [Tomcat-Standalone]
05-Apr-2024 13:26:45.296 INFO [main] org.apache.catalina.core.StandardEngine.startInternal Starting Servlet engine: [Apache Tomcat/9.0.83]
05-Apr-2024 13:26:47.047 INFO [Catalina-utility-2] org.apache.jasper.servlet.TldScanner.scanJars At least one JAR was scanned for TLDs yet contained no TLDs. Enable debug logging for this logger for a complete list of JARs that were scanned but no TLDs were found in them. Skipping unneeded JARs during scanning can improve startup time and JSP compilation time.
05-Apr-2024 13:26:47.351 INFO [Catalina-utility-2] org.apache.catalina.core.ApplicationContext.log 1 Spring WebApplicationInitializers detected on classpath
05-Apr-2024 13:26:47.588 INFO [Catalina-utility-2] org.apache.catalina.core.ApplicationContext.log Initializing Spring DispatcherServlet 'dispatcher'
05-Apr-2024 13:27:00.408 INFO [main] org.apache.coyote.AbstractProtocol.start Starting ProtocolHandler ["http-nio-8090"]
05-Apr-2024 13:27:00.446 INFO [main] org.apache.catalina.startup.Catalina.start Server startup in [15164] milliseconds
05-Apr-2024 13:32:21.291 INFO [http-nio-8090-exec-3 url: /rest/wrm/2.0/resources; user: admin] com.sun.jersey.server.impl.application.WebApplicationImpl._initiate Initiating Jersey application, version 'Jersey: 1.19.5-atlassian-9 0633a964d24ac0004ec5c087f3bed4120c3ed16f'
05-Apr-2024 13:32:21.291 INFO [http-nio-8090-exec-4 url: /rest/api/space; user: admin] com.sun.jersey.server.impl.application.WebApplicationImpl._initiate Initiating Jersey application, version 'Jersey: 1.19.5-atlassian-9 0633a964d24ac0004ec5c087f3bed4120c3ed16f'
05-Apr-2024 13:32:21.294 INFO [http-nio-8090-exec-10 url: /rest/shortcuts/latest/shortcuts/9012/604dd4e3bd6e0740c11006c4c7c31665; user: admin] com.sun.jersey.server.impl.application.WebApplicationImpl._initiate Initiating Jersey application, version 'Jersey: 1.19.5-atlassian-9 0633a964d24ac0004ec5c087f3bed4120c3ed16f'
05-Apr-2024 13:32:21.407 INFO [http-nio-8090-exec-6 url: /rest/troubleshooting/1.0/check/admin; user: admin] com.sun.jersey.server.impl.application.WebApplicationImpl._initiate Initiating Jersey application, version 'Jersey: 1.19.5-atlassian-9 0633a964d24ac0004ec5c087f3bed4120c3ed16f'
05-Apr-2024 13:32:21.670 INFO [http-nio-8090-exec-10 url: /rest/shortcuts/latest/shortcuts/9012/604dd4e3bd6e0740c11006c4c7c31665; user: admin] com.sun.jersey.api.wadl.config.WadlGeneratorLoader.loadWadlGenerator Loading wadlGenerator com.sun.jersey.server.wadl.generators.WadlGeneratorApplicationDoc
05-Apr-2024 13:32:21.703 INFO [http-nio-8090-exec-10 url: /rest/shortcuts/latest/shortcuts/9012/604dd4e3bd6e0740c11006c4c7c31665; user: admin] com.sun.jersey.api.wadl.config.WadlGeneratorLoader.loadWadlGenerator Loading wadlGenerator com.atlassian.plugins.rest.doclet.generators.grammars.WadlGrammarsAdaptor
05-Apr-2024 13:32:21.705 INFO [http-nio-8090-exec-10 url: /rest/shortcuts/latest/shortcuts/9012/604dd4e3bd6e0740c11006c4c7c31665; user: admin] com.sun.jersey.api.wadl.config.WadlGeneratorLoader.loadWadlGenerator Loading wadlGenerator com.atlassian.plugins.rest.doclet.generators.resourcedoc.AtlassianRuntimeWadlGeneratorResourceDocSupport
05-Apr-2024 13:32:21.767 INFO [http-nio-8090-exec-3 url: /rest/wrm/2.0/resources; user: admin] com.sun.jersey.api.wadl.config.WadlGeneratorLoader.loadWadlGenerator Loading wadlGenerator com.sun.jersey.server.wadl.generators.WadlGeneratorApplicationDoc
05-Apr-2024 13:32:21.769 INFO [http-nio-8090-exec-3 url: /rest/wrm/2.0/resources; user: admin] com.sun.jersey.api.wadl.config.WadlGeneratorLoader.loadWadlGenerator Loading wadlGenerator com.atlassian.plugins.rest.doclet.generators.grammars.WadlGrammarsAdaptor
05-Apr-2024 13:32:21.769 INFO [http-nio-8090-exec-3 url: /rest/wrm/2.0/resources; user: admin] com.sun.jersey.api.wadl.config.WadlGeneratorLoader.loadWadlGenerator Loading wadlGenerator com.atlassian.plugins.rest.doclet.generators.resourcedoc.AtlassianRuntimeWadlGeneratorResourceDocSupport
05-Apr-2024 13:32:21.851 INFO [http-nio-8090-exec-5 url: /rest/analytics/1.0/publish/bulk; user: admin] com.sun.jersey.server.impl.application.WebApplicationImpl._initiate Initiating Jersey application, version 'Jersey: 1.19.5-atlassian-9 0633a964d24ac0004ec5c087f3bed4120c3ed16f'
05-Apr-2024 13:32:22.029 INFO [http-nio-8090-exec-5 url: /rest/analytics/1.0/publish/bulk; user: admin] com.sun.jersey.api.wadl.config.WadlGeneratorLoader.loadWadlGenerator Loading wadlGenerator com.sun.jersey.server.wadl.generators.WadlGeneratorApplicationDoc
05-Apr-2024 13:32:22.029 INFO [http-nio-8090-exec-5 url: /rest/analytics/1.0/publish/bulk; user: admin] com.sun.jersey.api.wadl.config.WadlGeneratorLoader.loadWadlGenerator Loading wadlGenerator com.atlassian.plugins.rest.doclet.generators.grammars.WadlGrammarsAdaptor
05-Apr-2024 13:32:22.029 INFO [http-nio-8090-exec-5 url: /rest/analytics/1.0/publish/bulk; user: admin] com.sun.jersey.api.wadl.config.WadlGeneratorLoader.loadWadlGenerator Loading wadlGenerator com.atlassian.plugins.rest.doclet.generators.resourcedoc.AtlassianRuntimeWadlGeneratorResourceDocSupport
05-Apr-2024 13:32:22.069 INFO [http-nio-8090-exec-8 url: /rest/mywork/latest/status/notification/count; user: admin] com.sun.jersey.server.impl.application.WebApplicationImpl._initiate Initiating Jersey application, version 'Jersey: 1.19.5-atlassian-9 0633a964d24ac0004ec5c087f3bed4120c3ed16f'
05-Apr-2024 13:32:22.262 INFO [http-nio-8090-exec-8 url: /rest/mywork/latest/status/notification/count; user: admin] com.sun.jersey.api.wadl.config.WadlGeneratorLoader.loadWadlGenerator Loading wadlGenerator com.sun.jersey.server.wadl.generators.WadlGeneratorApplicationDoc
05-Apr-2024 13:32:22.263 INFO [http-nio-8090-exec-8 url: /rest/mywork/latest/status/notification/count; user: admin] com.sun.jersey.api.wadl.config.WadlGeneratorLoader.loadWadlGenerator Loading wadlGenerator com.atlassian.plugins.rest.doclet.generators.grammars.WadlGrammarsAdaptor
05-Apr-2024 13:32:22.263 INFO [http-nio-8090-exec-8 url: /rest/mywork/latest/status/notification/count; user: admin] com.sun.jersey.api.wadl.config.WadlGeneratorLoader.loadWadlGenerator Loading wadlGenerator com.atlassian.plugins.rest.doclet.generators.resourcedoc.AtlassianRuntimeWadlGeneratorResourceDocSupport
05-Apr-2024 13:32:25.453 INFO [http-nio-8090-exec-3 url: /rest/wrm/2.0/resources; user: admin] com.sun.jersey.server.impl.application.WebApplicationImpl._initiate Initiating Jersey application, version 'Jersey: 1.19.5-atlassian-9 0633a964d24ac0004ec5c087f3bed4120c3ed16f'
05-Apr-2024 13:32:25.669 INFO [http-nio-8090-exec-3 url: /rest/wrm/2.0/resources; user: admin] com.sun.jersey.api.wadl.config.WadlGeneratorLoader.loadWadlGenerator Loading wadlGenerator com.sun.jersey.server.wadl.generators.WadlGeneratorApplicationDoc
05-Apr-2024 13:32:25.669 INFO [http-nio-8090-exec-3 url: /rest/wrm/2.0/resources; user: admin] com.sun.jersey.api.wadl.config.WadlGeneratorLoader.loadWadlGenerator Loading wadlGenerator com.atlassian.plugins.rest.doclet.generators.grammars.WadlGrammarsAdaptor
05-Apr-2024 13:32:25.669 INFO [http-nio-8090-exec-3 url: /rest/wrm/2.0/resources; user: admin] com.sun.jersey.api.wadl.config.WadlGeneratorLoader.loadWadlGenerator Loading wadlGenerator com.atlassian.plugins.rest.doclet.generators.resourcedoc.AtlassianRuntimeWadlGeneratorResourceDocSupport
05-Apr-2024 13:32:25.794 INFO [http-nio-8090-exec-1 url: /rest/jiraanywhere/1.0/servers; user: admin] com.sun.jersey.server.impl.application.WebApplicationImpl._initiate Initiating Jersey application, version 'Jersey: 1.19.5-atlassian-9 0633a964d24ac0004ec5c087f3bed4120c3ed16f'
05-Apr-2024 13:32:25.936 INFO [http-nio-8090-exec-10 url: /rest/shortcuts/latest/shortcuts/9012/604dd4e3bd6e0740c11006c4c7c31665; user: admin] com.sun.jersey.server.impl.application.WebApplicationImpl._initiate Initiating Jersey application, version 'Jersey: 1.19.5-atlassian-9 0633a964d24ac0004ec5c087f3bed4120c3ed16f'
05-Apr-2024 13:32:25.960 INFO [http-nio-8090-exec-1 url: /rest/jiraanywhere/1.0/servers; user: admin] com.sun.jersey.api.wadl.config.WadlGeneratorLoader.loadWadlGenerator Loading wadlGenerator com.sun.jersey.server.wadl.generators.WadlGeneratorApplicationDoc
05-Apr-2024 13:32:25.961 INFO [http-nio-8090-exec-1 url: /rest/jiraanywhere/1.0/servers; user: admin] com.sun.jersey.api.wadl.config.WadlGeneratorLoader.loadWadlGenerator Loading wadlGenerator com.atlassian.plugins.rest.doclet.generators.grammars.WadlGrammarsAdaptor
05-Apr-2024 13:32:25.961 INFO [http-nio-8090-exec-1 url: /rest/jiraanywhere/1.0/servers; user: admin] com.sun.jersey.api.wadl.config.WadlGeneratorLoader.loadWadlGenerator Loading wadlGenerator com.atlassian.plugins.rest.doclet.generators.resourcedoc.AtlassianRuntimeWadlGeneratorResourceDocSupport
05-Apr-2024 13:32:26.259 INFO [http-nio-8090-exec-10 url: /rest/shortcuts/latest/shortcuts/9012/604dd4e3bd6e0740c11006c4c7c31665; user: admin] com.sun.jersey.api.wadl.config.WadlGeneratorLoader.loadWadlGenerator Loading wadlGenerator com.sun.jersey.server.wadl.generators.WadlGeneratorApplicationDoc
05-Apr-2024 13:32:26.260 INFO [http-nio-8090-exec-10 url: /rest/shortcuts/latest/shortcuts/9012/604dd4e3bd6e0740c11006c4c7c31665; user: admin] com.sun.jersey.api.wadl.config.WadlGeneratorLoader.loadWadlGenerator Loading wadlGenerator com.atlassian.plugins.rest.doclet.generators.grammars.WadlGrammarsAdaptor
05-Apr-2024 13:32:26.260 INFO [http-nio-8090-exec-10 url: /rest/shortcuts/latest/shortcuts/9012/604dd4e3bd6e0740c11006c4c7c31665; user: admin] com.sun.jersey.api.wadl.config.WadlGeneratorLoader.loadWadlGenerator Loading wadlGenerator com.atlassian.plugins.rest.doclet.generators.resourcedoc.AtlassianRuntimeWadlGeneratorResourceDocSupport
05-Apr-2024 13:32:51.428 INFO [http-nio-8090-exec-8 url: /rest/mywork/latest/status/notification/count; user: admin] com.sun.jersey.server.impl.application.WebApplicationImpl._initiate Initiating Jersey application, version 'Jersey: 1.19.5-atlassian-9 0633a964d24ac0004ec5c087f3bed4120c3ed16f'
05-Apr-2024 13:41:35.586 INFO [http-nio-8090-exec-1 url: /rest/jiraanywhere/1.0/servers; user: admin] com.sun.jersey.server.impl.application.WebApplicationImpl._initiate Initiating Jersey application, version 'Jersey: 1.19.5-atlassian-9 0633a964d24ac0004ec5c087f3bed4120c3ed16f'
05-Apr-2024 13:41:36.042 INFO [http-nio-8090-exec-1 url: /rest/jiraanywhere/1.0/servers; user: admin] com.sun.jersey.api.wadl.config.WadlGeneratorLoader.loadWadlGenerator Loading wadlGenerator com.sun.jersey.server.wadl.generators.WadlGeneratorApplicationDoc
05-Apr-2024 13:41:36.042 INFO [http-nio-8090-exec-1 url: /rest/jiraanywhere/1.0/servers; user: admin] com.sun.jersey.api.wadl.config.WadlGeneratorLoader.loadWadlGenerator Loading wadlGenerator com.atlassian.plugins.rest.doclet.generators.grammars.WadlGrammarsAdaptor
05-Apr-2024 13:41:36.043 INFO [http-nio-8090-exec-1 url: /rest/jiraanywhere/1.0/servers; user: admin] com.sun.jersey.api.wadl.config.WadlGeneratorLoader.loadWadlGenerator Loading wadlGenerator com.atlassian.plugins.rest.doclet.generators.resourcedoc.AtlassianRuntimeWadlGeneratorResourceDocSupport
05-Apr-2024 13:41:49.084 INFO [http-nio-8090-exec-4 url: /rest/api/space; user: admin] com.sun.jersey.server.impl.application.WebApplicationImpl._initiate Initiating Jersey application, version 'Jersey: 1.19.5-atlassian-9 0633a964d24ac0004ec5c087f3bed4120c3ed16f'
05-Apr-2024 13:41:49.090 INFO [http-nio-8090-exec-9 url: /rest/ui/1.0/content/98371/labels; user: admin] com.sun.jersey.server.impl.application.WebApplicationImpl._initiate Initiating Jersey application, version 'Jersey: 1.19.5-atlassian-9 0633a964d24ac0004ec5c087f3bed4120c3ed16f'
05-Apr-2024 13:41:50.936 INFO [http-nio-8090-exec-4 url: /rest/api/space; user: admin] com.sun.jersey.server.impl.application.WebApplicationImpl._initiate Initiating Jersey application, version 'Jersey: 1.19.5-atlassian-9 0633a964d24ac0004ec5c087f3bed4120c3ed16f'
05-Apr-2024 13:41:51.846 INFO [http-nio-8090-exec-4 url: /rest/api/space; user: admin] com.sun.jersey.api.wadl.config.WadlGeneratorLoader.loadWadlGenerator Loading wadlGenerator com.sun.jersey.server.wadl.generators.WadlGeneratorApplicationDoc
05-Apr-2024 13:41:51.850 INFO [http-nio-8090-exec-4 url: /rest/api/space; user: admin] com.sun.jersey.api.wadl.config.WadlGeneratorLoader.loadWadlGenerator Loading wadlGenerator com.atlassian.plugins.rest.doclet.generators.grammars.WadlGrammarsAdaptor
05-Apr-2024 13:41:51.852 INFO [http-nio-8090-exec-4 url: /rest/api/space; user: admin] com.sun.jersey.api.wadl.config.WadlGeneratorLoader.loadWadlGenerator Loading wadlGenerator com.atlassian.plugins.rest.doclet.generators.resourcedoc.AtlassianRuntimeWadlGeneratorResourceDocSupport
05-Apr-2024 13:41:52.245 WARNING [http-nio-8090-exec-4 url: /rest/api/space; user: admin] com.sun.jersey.spi.inject.Errors.processErrorMessages The following warnings have been detected with resource and/or provider classes:
  WARNING: A sub-resource method, public javax.ws.rs.core.Response com.atlassian.confluence.plugins.hipchat.emoticons.rest.CustomEmoticonResource.create(com.atlassian.plugins.rest.common.multipart.FilePart,com.atlassian.plugins.rest.common.multipart.FilePart,com.atlassian.plugins.rest.common.multipart.FilePart) throws com.atlassian.confluence.plugins.hipchat.emoticons.exception.EmoticonException,java.io.IOException, with URI template, "/", is treated as a resource method
  WARNING: A sub-resource method, public java.util.Map com.atlassian.confluence.plugins.hipchat.emoticons.rest.CustomEmoticonResource.getCustom(java.lang.String), with URI template, "/", is treated as a resource method
05-Apr-2024 13:57:41.983 INFO [http-nio-8090-exec-4 url: /rest/api/space; user: admin] com.sun.jersey.server.impl.application.WebApplicationImpl._initiate Initiating Jersey application, version 'Jersey: 1.19.5-atlassian-9 0633a964d24ac0004ec5c087f3bed4120c3ed16f'
05-Apr-2024 13:58:52.155 INFO [http-nio-8090-exec-7 url: /rest/confanalytics/1.0/instance/details; user: admin] com.sun.jersey.server.impl.application.WebApplicationImpl._initiate Initiating Jersey application, version 'Jersey: 1.19.5-atlassian-9 0633a964d24ac0004ec5c087f3bed4120c3ed16f'
05-Apr-2024 13:58:52.289 INFO [http-nio-8090-exec-7 url: /rest/confanalytics/1.0/instance/details; user: admin] com.sun.jersey.api.wadl.config.WadlGeneratorLoader.loadWadlGenerator Loading wadlGenerator com.sun.jersey.server.wadl.generators.WadlGeneratorApplicationDoc
05-Apr-2024 13:58:52.289 INFO [http-nio-8090-exec-7 url: /rest/confanalytics/1.0/instance/details; user: admin] com.sun.jersey.api.wadl.config.WadlGeneratorLoader.loadWadlGenerator Loading wadlGenerator com.atlassian.plugins.rest.doclet.generators.grammars.WadlGrammarsAdaptor
05-Apr-2024 13:58:52.290 INFO [http-nio-8090-exec-7 url: /rest/confanalytics/1.0/instance/details; user: admin] com.sun.jersey.api.wadl.config.WadlGeneratorLoader.loadWadlGenerator Loading wadlGenerator com.atlassian.plugins.rest.doclet.generators.resourcedoc.AtlassianRuntimeWadlGeneratorResourceDocSupport
05-Apr-2024 13:58:52.407 INFO [http-nio-8090-exec-9 url: /rest/ui/1.0/content/98371/labels; user: admin] com.sun.jersey.server.impl.application.WebApplicationImpl._initiate Initiating Jersey application, version 'Jersey: 1.19.5-atlassian-9 0633a964d24ac0004ec5c087f3bed4120c3ed16f'
05-Apr-2024 13:58:57.622 INFO [http-nio-8090-exec-7 url: /rest/confanalytics/1.0/instance/details; user: admin] com.sun.jersey.server.impl.application.WebApplicationImpl._initiate Initiating Jersey application, version 'Jersey: 1.19.5-atlassian-9 0633a964d24ac0004ec5c087f3bed4120c3ed16f'
05-Apr-2024 13:58:57.738 INFO [http-nio-8090-exec-4 url: /rest/api/space; user: admin] com.sun.jersey.server.impl.application.WebApplicationImpl._initiate Initiating Jersey application, version 'Jersey: 1.19.5-atlassian-9 0633a964d24ac0004ec5c087f3bed4120c3ed16f'
05-Apr-2024 13:58:57.932 INFO [http-nio-8090-exec-4 url: /rest/api/space; user: admin] com.sun.jersey.api.wadl.config.WadlGeneratorLoader.loadWadlGenerator Loading wadlGenerator com.sun.jersey.server.wadl.generators.WadlGeneratorApplicationDoc
05-Apr-2024 13:58:57.932 INFO [http-nio-8090-exec-4 url: /rest/api/space; user: admin] com.sun.jersey.api.wadl.config.WadlGeneratorLoader.loadWadlGenerator Loading wadlGenerator com.atlassian.plugins.rest.doclet.generators.grammars.WadlGrammarsAdaptor
05-Apr-2024 13:58:57.932 INFO [http-nio-8090-exec-4 url: /rest/api/space; user: admin] com.sun.jersey.api.wadl.config.WadlGeneratorLoader.loadWadlGenerator Loading wadlGenerator com.atlassian.plugins.rest.doclet.generators.resourcedoc.AtlassianRuntimeWadlGeneratorResourceDocSupport
05-Apr-2024 13:59:07.682 INFO [http-nio-8090-exec-7 url: /rest/confanalytics/1.0/instance/details; user: admin] com.sun.jersey.server.impl.application.WebApplicationImpl._initiate Initiating Jersey application, version 'Jersey: 1.19.5-atlassian-9 0633a964d24ac0004ec5c087f3bed4120c3ed16f'
05-Apr-2024 14:00:48.969 INFO [http-nio-8090-exec-3 url: /rest/wrm/2.0/resources; user: admin] com.sun.jersey.server.impl.application.WebApplicationImpl._initiate Initiating Jersey application, version 'Jersey: 1.19.5-atlassian-9 0633a964d24ac0004ec5c087f3bed4120c3ed16f'
05-Apr-2024 14:00:49.141 INFO [http-nio-8090-exec-3 url: /rest/wrm/2.0/resources; user: admin] com.sun.jersey.api.wadl.config.WadlGeneratorLoader.loadWadlGenerator Loading wadlGenerator com.sun.jersey.server.wadl.generators.WadlGeneratorApplicationDoc
05-Apr-2024 14:00:49.142 INFO [http-nio-8090-exec-3 url: /rest/wrm/2.0/resources; user: admin] com.sun.jersey.api.wadl.config.WadlGeneratorLoader.loadWadlGenerator Loading wadlGenerator com.atlassian.plugins.rest.doclet.generators.grammars.WadlGrammarsAdaptor
05-Apr-2024 14:00:49.142 INFO [http-nio-8090-exec-3 url: /rest/wrm/2.0/resources; user: admin] com.sun.jersey.api.wadl.config.WadlGeneratorLoader.loadWadlGenerator Loading wadlGenerator com.atlassian.plugins.rest.doclet.generators.resourcedoc.AtlassianRuntimeWadlGeneratorResourceDocSupport
05-Apr-2024 14:00:49.218 INFO [http-nio-8090-exec-8 url: /rest/mywork/latest/status/notification/count; user: admin] com.sun.jersey.server.impl.application.WebApplicationImpl._initiate Initiating Jersey application, version 'Jersey: 1.19.5-atlassian-9 0633a964d24ac0004ec5c087f3bed4120c3ed16f'
05-Apr-2024 14:00:49.494 INFO [http-nio-8090-exec-7 url: /rest/confanalytics/1.0/instance/details; user: admin] com.sun.jersey.server.impl.application.WebApplicationImpl._initiate Initiating Jersey application, version 'Jersey: 1.19.5-atlassian-9 0633a964d24ac0004ec5c087f3bed4120c3ed16f'
05-Apr-2024 14:00:49.558 INFO [http-nio-8090-exec-4 url: /rest/api/space; user: admin] com.sun.jersey.server.impl.application.WebApplicationImpl._initiate Initiating Jersey application, version 'Jersey: 1.19.5-atlassian-9 0633a964d24ac0004ec5c087f3bed4120c3ed16f'
05-Apr-2024 14:00:49.561 INFO [http-nio-8090-exec-6 url: /rest/troubleshooting/1.0/check/admin; user: admin] com.sun.jersey.server.impl.application.WebApplicationImpl._initiate Initiating Jersey application, version 'Jersey: 1.19.5-atlassian-9 0633a964d24ac0004ec5c087f3bed4120c3ed16f'
05-Apr-2024 14:00:49.635 INFO [http-nio-8090-exec-9 url: /rest/ui/1.0/content/98371/labels; user: admin] com.sun.jersey.server.impl.application.WebApplicationImpl._initiate Initiating Jersey application, version 'Jersey: 1.19.5-atlassian-9 0633a964d24ac0004ec5c087f3bed4120c3ed16f'
05-Apr-2024 14:00:49.637 INFO [http-nio-8090-exec-7 url: /rest/confanalytics/1.0/instance/details; user: admin] com.sun.jersey.api.wadl.config.WadlGeneratorLoader.loadWadlGenerator Loading wadlGenerator com.sun.jersey.server.wadl.generators.WadlGeneratorApplicationDoc
05-Apr-2024 14:00:49.638 INFO [http-nio-8090-exec-7 url: /rest/confanalytics/1.0/instance/details; user: admin] com.sun.jersey.api.wadl.config.WadlGeneratorLoader.loadWadlGenerator Loading wadlGenerator com.atlassian.plugins.rest.doclet.generators.grammars.WadlGrammarsAdaptor
05-Apr-2024 14:00:49.639 INFO [http-nio-8090-exec-7 url: /rest/confanalytics/1.0/instance/details; user: admin] com.sun.jersey.api.wadl.config.WadlGeneratorLoader.loadWadlGenerator Loading wadlGenerator com.atlassian.plugins.rest.doclet.generators.resourcedoc.AtlassianRuntimeWadlGeneratorResourceDocSupport
05-Apr-2024 14:00:49.711 INFO [http-nio-8090-exec-4 url: /rest/api/space; user: admin] com.sun.jersey.api.wadl.config.WadlGeneratorLoader.loadWadlGenerator Loading wadlGenerator com.sun.jersey.server.wadl.generators.WadlGeneratorApplicationDoc
05-Apr-2024 14:00:49.711 INFO [http-nio-8090-exec-4 url: /rest/api/space; user: admin] com.sun.jersey.api.wadl.config.WadlGeneratorLoader.loadWadlGenerator Loading wadlGenerator com.atlassian.plugins.rest.doclet.generators.grammars.WadlGrammarsAdaptor
05-Apr-2024 14:00:49.712 INFO [http-nio-8090-exec-4 url: /rest/api/space; user: admin] com.sun.jersey.api.wadl.config.WadlGeneratorLoader.loadWadlGenerator Loading wadlGenerator com.atlassian.plugins.rest.doclet.generators.resourcedoc.AtlassianRuntimeWadlGeneratorResourceDocSupport
05-Apr-2024 14:00:49.817 INFO [http-nio-8090-exec-9 url: /rest/ui/1.0/content/98371/labels; user: admin] com.sun.jersey.api.wadl.config.WadlGeneratorLoader.loadWadlGenerator Loading wadlGenerator com.sun.jersey.server.wadl.generators.WadlGeneratorApplicationDoc
05-Apr-2024 14:00:49.818 INFO [http-nio-8090-exec-9 url: /rest/ui/1.0/content/98371/labels; user: admin] com.sun.jersey.api.wadl.config.WadlGeneratorLoader.loadWadlGenerator Loading wadlGenerator com.atlassian.plugins.rest.doclet.generators.grammars.WadlGrammarsAdaptor
05-Apr-2024 14:00:49.818 INFO [http-nio-8090-exec-9 url: /rest/ui/1.0/content/98371/labels; user: admin] com.sun.jersey.api.wadl.config.WadlGeneratorLoader.loadWadlGenerator Loading wadlGenerator com.atlassian.plugins.rest.doclet.generators.resourcedoc.AtlassianRuntimeWadlGeneratorResourceDocSupport
05-Apr-2024 14:00:50.761 INFO [http-nio-8090-exec-7 url: /rest/confanalytics/1.0/instance/details; user: admin] com.sun.jersey.server.impl.application.WebApplicationImpl._initiate Initiating Jersey application, version 'Jersey: 1.19.5-atlassian-9 0633a964d24ac0004ec5c087f3bed4120c3ed16f'
05-Apr-2024 14:00:52.849 INFO [http-nio-8090-exec-10 url: /rest/shortcuts/latest/shortcuts/9012/604dd4e3bd6e0740c11006c4c7c31665; user: admin] com.sun.jersey.server.impl.application.WebApplicationImpl._initiate Initiating Jersey application, version 'Jersey: 1.19.5-atlassian-9 0633a964d24ac0004ec5c087f3bed4120c3ed16f'
05-Apr-2024 14:00:53.340 WARNING [http-nio-8090-exec-10 url: /rest/shortcuts/latest/shortcuts/9012/604dd4e3bd6e0740c11006c4c7c31665; user: admin] com.sun.jersey.spi.inject.Errors.processErrorMessages The following warnings have been detected with resource and/or provider classes:
  WARNING: A sub-resource method, public javax.ws.rs.core.Response com.atlassian.migration.agent.rest.RelationsAnalyzerResource.scheduleJob(), with URI template, "/", is treated as a resource method
  WARNING: A sub-resource method, public javax.ws.rs.core.Response com.atlassian.migration.agent.rest.RelationsAnalyzerResource.getJobStatus(), with URI template, "/", is treated as a resource method
  WARNING: A sub-resource method, public javax.ws.rs.core.Response com.atlassian.migration.agent.rest.MacroAssessmentResource.assessMacros(), with URI template, "/", is treated as a resource method
  WARNING: A sub-resource method, public com.atlassian.migration.agent.dto.SpaceSearchResultDto com.atlassian.migration.agent.rest.SpaceCatalogResource.getSpaces(java.lang.String,java.lang.String,java.lang.String,int,java.lang.String,java.lang.Integer,java.lang.String,java.lang.String,java.lang.String,com.atlassian.migration.agent.entity.SortOrder) throws com.atlassian.confluence.search.v2.InvalidSearchException, with URI template, "/", is treated as a resource method
  WARNING: A sub-resource method, public javax.ws.rs.core.Response com.atlassian.migration.agent.rest.MigratedResource.getAllMigratedSpaces(), with URI template, "/", is treated as a resource method
  WARNING: A sub-resource method, public javax.ws.rs.core.Response com.atlassian.migration.agent.rest.AppAssessmentResource.getPluginInfo(), with URI template, "/", is treated as a resource method
  WARNING: A sub-resource method, public javax.ws.rs.core.Response com.atlassian.migration.agent.rest.PlanResource.getAllPlans(), with URI template, "/", is treated as a resource method
  WARNING: A sub-resource method, public javax.ws.rs.core.Response com.atlassian.migration.agent.rest.PlanResource.createPlan(com.atlassian.migration.agent.dto.PlanDto,java.lang.Boolean), with URI template, "/", is treated as a resource method
  WARNING: A sub-resource method, public javax.ws.rs.core.Response com.atlassian.migration.agent.rest.PlanResource.updatePlan(com.atlassian.migration.agent.dto.PlanDto), with URI template, "/", is treated as a resource method
  WARNING: A sub-resource method, public javax.ws.rs.core.Response com.atlassian.migration.agent.rest.InstanceAssessmentResource.getJobProgress(), with URI template, "", is treated as a resource method
  WARNING: A sub-resource method, public javax.ws.rs.core.Response com.atlassian.migration.agent.rest.CloudResource.getSites(), with URI template, "/", is treated as a resource method
05-Apr-2024 14:01:19.345 INFO [http-nio-8090-exec-3 url: /rest/wrm/2.0/resources; user: admin] com.sun.jersey.server.impl.application.WebApplicationImpl._initiate Initiating Jersey application, version 'Jersey: 1.19.5-atlassian-9 0633a964d24ac0004ec5c087f3bed4120c3ed16f'
05-Apr-2024 14:01:19.568 INFO [http-nio-8090-exec-3 url: /rest/wrm/2.0/resources; user: admin] com.sun.jersey.api.wadl.config.WadlGeneratorLoader.loadWadlGenerator Loading wadlGenerator com.sun.jersey.server.wadl.generators.WadlGeneratorApplicationDoc
05-Apr-2024 14:01:19.595 INFO [http-nio-8090-exec-3 url: /rest/wrm/2.0/resources; user: admin] com.sun.jersey.api.wadl.config.WadlGeneratorLoader.loadWadlGenerator Loading wadlGenerator com.atlassian.plugins.rest.doclet.generators.grammars.WadlGrammarsAdaptor
05-Apr-2024 14:01:19.595 INFO [http-nio-8090-exec-3 url: /rest/wrm/2.0/resources; user: admin] com.sun.jersey.api.wadl.config.WadlGeneratorLoader.loadWadlGenerator Loading wadlGenerator com.atlassian.plugins.rest.doclet.generators.resourcedoc.AtlassianRuntimeWadlGeneratorResourceDocSupport
05-Apr-2024 14:03:57.959 INFO [http-nio-8090-exec-6 url: /rest/troubleshooting/1.0/check/admin; user: admin] com.sun.jersey.server.impl.application.WebApplicationImpl._initiate Initiating Jersey application, version 'Jersey: 1.19.5-atlassian-9 0633a964d24ac0004ec5c087f3bed4120c3ed16f'
05-Apr-2024 14:03:58.136 WARNING [http-nio-8090-exec-6 url: /rest/troubleshooting/1.0/check/admin; user: admin] com.sun.jersey.spi.inject.Errors.processErrorMessages The following warnings have been detected with resource and/or provider classes:
  WARNING: A HTTP GET method, public javax.ws.rs.core.Response com.atlassian.confluence.tinymceplugin.rest.DraftsResource.getDrafts(int,int), should not consume any entity.
05-Apr-2024 14:06:20.941 INFO [http-nio-8090-exec-9 url: /rest/ui/1.0/content/98371/labels; user: admin] com.sun.jersey.server.impl.application.WebApplicationImpl._initiate Initiating Jersey application, version 'Jersey: 1.19.5-atlassian-9 0633a964d24ac0004ec5c087f3bed4120c3ed16f'
05-Apr-2024 14:07:00.665 INFO [http-nio-8090-exec-3 url: /rest/wrm/2.0/resources; user: admin] com.sun.jersey.server.impl.application.WebApplicationImpl._initiate Initiating Jersey application, version 'Jersey: 1.19.5-atlassian-9 0633a964d24ac0004ec5c087f3bed4120c3ed16f'
05-Apr-2024 14:07:00.781 INFO [http-nio-8090-exec-3 url: /rest/wrm/2.0/resources; user: admin] com.sun.jersey.api.wadl.config.WadlGeneratorLoader.loadWadlGenerator Loading wadlGenerator com.sun.jersey.server.wadl.generators.WadlGeneratorApplicationDoc
05-Apr-2024 14:07:00.781 INFO [http-nio-8090-exec-3 url: /rest/wrm/2.0/resources; user: admin] com.sun.jersey.api.wadl.config.WadlGeneratorLoader.loadWadlGenerator Loading wadlGenerator com.atlassian.plugins.rest.doclet.generators.grammars.WadlGrammarsAdaptor
05-Apr-2024 14:07:00.782 INFO [http-nio-8090-exec-3 url: /rest/wrm/2.0/resources; user: admin] com.sun.jersey.api.wadl.config.WadlGeneratorLoader.loadWadlGenerator Loading wadlGenerator com.atlassian.plugins.rest.doclet.generators.resourcedoc.AtlassianRuntimeWadlGeneratorResourceDocSupport
05-Apr-2024 14:07:00.810 WARNING [http-nio-8090-exec-3 url: /rest/wrm/2.0/resources; user: admin] com.sun.jersey.spi.container.servlet.WebComponent.filterFormParameters A servlet request, to the URI http://localhost:8090/rest/feature-discovery/1.0/discovered/com.atlassian.confluence.plugins.confluence-page-banner/recently-work-on-contributor-lozenge, contains form parameters in the request body but the request body has been consumed by the servlet or a servlet filter accessing the request parameters. Only resource methods using @FormParam will work as expected. Resource methods consuming the request body by other means will not work as expected.
